19-May-24 11:18:24 - INFO (fourier_nmr_driver.__main__) - Code running in C:\NMRData\EB\projectGunther\FullRuns\FullRun2.
19-May-24 11:18:24 - INFO (fourier_nmr_driver.__main__) - Default settings loaded.
19-May-24 11:18:24 - INFO (fourier_nmr_driver.__main__) - Shim sample in reference rack position 1.
19-May-24 11:18:24 - INFO (fourier_nmr_driver.__main__) - Shimming every 3.00 hours.
19-May-24 11:18:24 - INFO (fourier_nmr_driver.__main__) - Shimming time will be 20.00 minutes.
19-May-24 11:18:24 - INFO (fourier_nmr_driver.__main__) - Acquiring spectra specified in C:\NMRData\EB\projectGunther\FullRuns\FullRun2\batch3.json.
19-May-24 11:18:24 - INFO (fourier_nmr_driver.__main__) - Data will be saved in C:\NMRData\EB\projectGunther\FullRuns\FullRun2\2024-05-19-batch3-NMR.
19-May-24 11:18:24 - INFO (fourier_nmr_driver.__main__) - Using PAL racks.
19-May-24 11:18:24 - INFO (fourier_nmr_driver.__main__) - Fourier80 REST interface connected at localhost:3081.
19-May-24 11:19:25 - INFO (fourier_nmr_driver.__main__) - Quickshim procedure completed.
19-May-24 11:19:25 - INFO (fourier_nmr_driver.acquisition) - Loaded 41 sample request(s).
19-May-24 11:20:36 - INFO (fourier_nmr_driver.acquisition) - Sample batch3-01 inserted from rack position 01.
19-May-24 11:22:39 - INFO (fourier_nmr_driver.acquisition) - Locking Fourier80 has finished.
19-May-24 11:22:39 - INFO (fourier_nmr_driver.acquisition) - Number of scans for experiment MULTISUPPDC_f (expno 10) on sample batch3-01 is 8.
19-May-24 11:22:39 - INFO (fourier_nmr_driver.acquisition) - MULTISUPPDC_f: presaturation of 10 and peak picking threshold 0.008.
19-May-24 11:24:36 - INFO (fourier_nmr_driver.acquisition) - Experiment MULTISUPPDC_f completed.
19-May-24 11:24:36 - INFO (fourier_nmr_driver.acquisition) - Experiments on sample batch3-01 completed.
19-May-24 11:25:48 - INFO (fourier_nmr_driver.acquisition) - Sample batch3-02 inserted from rack position 02.
19-May-24 11:27:50 - INFO (fourier_nmr_driver.acquisition) - Locking Fourier80 has finished.
19-May-24 11:27:50 - INFO (fourier_nmr_driver.acquisition) - Number of scans for experiment MULTISUPPDC_f (expno 10) on sample batch3-02 is 8.
19-May-24 11:27:50 - INFO (fourier_nmr_driver.acquisition) - MULTISUPPDC_f: presaturation of 10 and peak picking threshold 0.008.
19-May-24 11:29:47 - INFO (fourier_nmr_driver.acquisition) - Experiment MULTISUPPDC_f completed.
19-May-24 11:29:47 - INFO (fourier_nmr_driver.acquisition) - Experiments on sample batch3-02 completed.
19-May-24 11:30:56 - INFO (fourier_nmr_driver.acquisition) - Sample batch3-04 inserted from rack position 04.
19-May-24 11:32:58 - INFO (fourier_nmr_driver.acquisition) - Locking Fourier80 has finished.
19-May-24 11:32:58 - INFO (fourier_nmr_driver.acquisition) - Number of scans for experiment MULTISUPPDC_f (expno 10) on sample batch3-04 is 8.
19-May-24 11:32:58 - INFO (fourier_nmr_driver.acquisition) - MULTISUPPDC_f: presaturation of 10 and peak picking threshold 0.008.
19-May-24 11:34:56 - INFO (fourier_nmr_driver.acquisition) - Experiment MULTISUPPDC_f completed.
19-May-24 11:34:56 - INFO (fourier_nmr_driver.acquisition) - Experiments on sample batch3-04 completed.
19-May-24 11:36:06 - INFO (fourier_nmr_driver.acquisition) - Sample batch3-05 inserted from rack position 05.
19-May-24 11:38:08 - INFO (fourier_nmr_driver.acquisition) - Locking Fourier80 has finished.
19-May-24 11:38:08 - INFO (fourier_nmr_driver.acquisition) - Number of scans for experiment MULTISUPPDC_f (expno 10) on sample batch3-05 is 8.
19-May-24 11:38:08 - INFO (fourier_nmr_driver.acquisition) - MULTISUPPDC_f: presaturation of 10 and peak picking threshold 0.008.
19-May-24 11:40:06 - INFO (fourier_nmr_driver.acquisition) - Experiment MULTISUPPDC_f completed.
19-May-24 11:40:06 - INFO (fourier_nmr_driver.acquisition) - Experiments on sample batch3-05 completed.
19-May-24 11:41:17 - INFO (fourier_nmr_driver.acquisition) - Sample batch3-06 inserted from rack position 06.
19-May-24 11:43:19 - INFO (fourier_nmr_driver.acquisition) - Locking Fourier80 has finished.
19-May-24 11:43:19 - INFO (fourier_nmr_driver.acquisition) - Number of scans for experiment MULTISUPPDC_f (expno 10) on sample batch3-06 is 8.
19-May-24 11:43:19 - INFO (fourier_nmr_driver.acquisition) - MULTISUPPDC_f: presaturation of 10 and peak picking threshold 0.008.
19-May-24 11:45:17 - INFO (fourier_nmr_driver.acquisition) - Experiment MULTISUPPDC_f completed.
19-May-24 11:45:17 - INFO (fourier_nmr_driver.acquisition) - Experiments on sample batch3-06 completed.
19-May-24 11:46:27 - INFO (fourier_nmr_driver.acquisition) - Sample batch3-07 inserted from rack position 07.
19-May-24 11:48:29 - INFO (fourier_nmr_driver.acquisition) - Locking Fourier80 has finished.
19-May-24 11:48:30 - INFO (fourier_nmr_driver.acquisition) - Number of scans for experiment MULTISUPPDC_f (expno 10) on sample batch3-07 is 8.
19-May-24 11:48:30 - INFO (fourier_nmr_driver.acquisition) - MULTISUPPDC_f: presaturation of 10 and peak picking threshold 0.008.
19-May-24 11:50:27 - INFO (fourier_nmr_driver.acquisition) - Experiment MULTISUPPDC_f completed.
19-May-24 11:50:27 - INFO (fourier_nmr_driver.acquisition) - Experiments on sample batch3-07 completed.
19-May-24 11:51:37 - INFO (fourier_nmr_driver.acquisition) - Sample batch3-08 inserted from rack position 08.
19-May-24 11:53:39 - INFO (fourier_nmr_driver.acquisition) - Locking Fourier80 has finished.
19-May-24 11:53:39 - INFO (fourier_nmr_driver.acquisition) - Number of scans for experiment MULTISUPPDC_f (expno 10) on sample batch3-08 is 8.
19-May-24 11:53:39 - INFO (fourier_nmr_driver.acquisition) - MULTISUPPDC_f: presaturation of 10 and peak picking threshold 0.008.
19-May-24 11:55:36 - INFO (fourier_nmr_driver.acquisition) - Experiment MULTISUPPDC_f completed.
19-May-24 11:55:36 - INFO (fourier_nmr_driver.acquisition) - Experiments on sample batch3-08 completed.
19-May-24 11:56:49 - INFO (fourier_nmr_driver.acquisition) - Sample batch3-09 inserted from rack position 09.
19-May-24 11:58:51 - INFO (fourier_nmr_driver.acquisition) - Locking Fourier80 has finished.
19-May-24 11:58:51 - INFO (fourier_nmr_driver.acquisition) - Number of scans for experiment MULTISUPPDC_f (expno 10) on sample batch3-09 is 8.
19-May-24 11:58:51 - INFO (fourier_nmr_driver.acquisition) - MULTISUPPDC_f: presaturation of 10 and peak picking threshold 0.008.
19-May-24 12:00:47 - INFO (fourier_nmr_driver.acquisition) - Experiment MULTISUPPDC_f completed.
19-May-24 12:00:47 - INFO (fourier_nmr_driver.acquisition) - Experiments on sample batch3-09 completed.
19-May-24 12:01:59 - INFO (fourier_nmr_driver.acquisition) - Sample batch3-10 inserted from rack position 10.
19-May-24 12:04:01 - INFO (fourier_nmr_driver.acquisition) - Locking Fourier80 has finished.
19-May-24 12:04:01 - INFO (fourier_nmr_driver.acquisition) - Number of scans for experiment MULTISUPPDC_f (expno 10) on sample batch3-10 is 8.
19-May-24 12:04:01 - INFO (fourier_nmr_driver.acquisition) - MULTISUPPDC_f: presaturation of 10 and peak picking threshold 0.008.
19-May-24 12:05:57 - INFO (fourier_nmr_driver.acquisition) - Experiment MULTISUPPDC_f completed.
19-May-24 12:05:57 - INFO (fourier_nmr_driver.acquisition) - Experiments on sample batch3-10 completed.
19-May-24 12:07:05 - INFO (fourier_nmr_driver.acquisition) - Sample batch3-11 inserted from rack position 11.
19-May-24 12:09:07 - INFO (fourier_nmr_driver.acquisition) - Locking Fourier80 has finished.
19-May-24 12:09:07 - INFO (fourier_nmr_driver.acquisition) - Number of scans for experiment MULTISUPPDC_f (expno 10) on sample batch3-11 is 8.
19-May-24 12:09:07 - INFO (fourier_nmr_driver.acquisition) - MULTISUPPDC_f: presaturation of 10 and peak picking threshold 0.008.
19-May-24 12:11:06 - INFO (fourier_nmr_driver.acquisition) - Experiment MULTISUPPDC_f completed.
19-May-24 12:11:06 - INFO (fourier_nmr_driver.acquisition) - Experiments on sample batch3-11 completed.
19-May-24 12:12:15 - INFO (fourier_nmr_driver.acquisition) - Sample batch3-12 inserted from rack position 12.
19-May-24 12:14:17 - INFO (fourier_nmr_driver.acquisition) - Locking Fourier80 has finished.
19-May-24 12:14:17 - INFO (fourier_nmr_driver.acquisition) - Number of scans for experiment MULTISUPPDC_f (expno 10) on sample batch3-12 is 8.
19-May-24 12:14:17 - INFO (fourier_nmr_driver.acquisition) - MULTISUPPDC_f: presaturation of 10 and peak picking threshold 0.008.
19-May-24 12:16:18 - INFO (fourier_nmr_driver.acquisition) - Experiment MULTISUPPDC_f completed.
19-May-24 12:16:18 - INFO (fourier_nmr_driver.acquisition) - Experiments on sample batch3-12 completed.
19-May-24 12:17:26 - INFO (fourier_nmr_driver.acquisition) - Sample batch3-13 inserted from rack position 13.
19-May-24 12:19:28 - INFO (fourier_nmr_driver.acquisition) - Locking Fourier80 has finished.
19-May-24 12:19:28 - INFO (fourier_nmr_driver.acquisition) - Number of scans for experiment MULTISUPPDC_f (expno 10) on sample batch3-13 is 8.
19-May-24 12:19:28 - INFO (fourier_nmr_driver.acquisition) - MULTISUPPDC_f: presaturation of 10 and peak picking threshold 0.008.
19-May-24 12:21:24 - INFO (fourier_nmr_driver.acquisition) - Experiment MULTISUPPDC_f completed.
19-May-24 12:21:24 - INFO (fourier_nmr_driver.acquisition) - Experiments on sample batch3-13 completed.
19-May-24 12:22:32 - INFO (fourier_nmr_driver.acquisition) - Sample batch3-16 inserted from rack position 16.
19-May-24 12:24:34 - INFO (fourier_nmr_driver.acquisition) - Locking Fourier80 has finished.
19-May-24 12:24:34 - INFO (fourier_nmr_driver.acquisition) - Number of scans for experiment MULTISUPPDC_f (expno 10) on sample batch3-16 is 8.
19-May-24 12:24:34 - INFO (fourier_nmr_driver.acquisition) - MULTISUPPDC_f: presaturation of 10 and peak picking threshold 0.008.
19-May-24 12:26:29 - INFO (fourier_nmr_driver.acquisition) - Experiment MULTISUPPDC_f completed.
19-May-24 12:26:29 - INFO (fourier_nmr_driver.acquisition) - Experiments on sample batch3-16 completed.
19-May-24 12:27:39 - INFO (fourier_nmr_driver.acquisition) - Sample batch3-17 inserted from rack position 17.
19-May-24 12:29:42 - INFO (fourier_nmr_driver.acquisition) - Locking Fourier80 has finished.
19-May-24 12:29:42 - INFO (fourier_nmr_driver.acquisition) - Number of scans for experiment MULTISUPPDC_f (expno 10) on sample batch3-17 is 8.
19-May-24 12:29:42 - INFO (fourier_nmr_driver.acquisition) - MULTISUPPDC_f: presaturation of 10 and peak picking threshold 0.008.
19-May-24 12:31:37 - INFO (fourier_nmr_driver.acquisition) - Experiment MULTISUPPDC_f completed.
19-May-24 12:31:37 - INFO (fourier_nmr_driver.acquisition) - Experiments on sample batch3-17 completed.
19-May-24 12:32:45 - INFO (fourier_nmr_driver.acquisition) - Sample batch3-18 inserted from rack position 18.
19-May-24 12:34:47 - INFO (fourier_nmr_driver.acquisition) - Locking Fourier80 has finished.
19-May-24 12:34:47 - INFO (fourier_nmr_driver.acquisition) - Number of scans for experiment MULTISUPPDC_f (expno 10) on sample batch3-18 is 8.
19-May-24 12:34:47 - INFO (fourier_nmr_driver.acquisition) - MULTISUPPDC_f: presaturation of 10 and peak picking threshold 0.008.
19-May-24 12:36:43 - INFO (fourier_nmr_driver.acquisition) - Experiment MULTISUPPDC_f completed.
19-May-24 12:36:43 - INFO (fourier_nmr_driver.acquisition) - Experiments on sample batch3-18 completed.
19-May-24 12:37:50 - INFO (fourier_nmr_driver.acquisition) - Sample batch3-19 inserted from rack position 19.
19-May-24 12:39:52 - INFO (fourier_nmr_driver.acquisition) - Locking Fourier80 has finished.
19-May-24 12:39:52 - INFO (fourier_nmr_driver.acquisition) - Number of scans for experiment MULTISUPPDC_f (expno 10) on sample batch3-19 is 8.
19-May-24 12:39:52 - INFO (fourier_nmr_driver.acquisition) - MULTISUPPDC_f: presaturation of 10 and peak picking threshold 0.008.
19-May-24 12:41:47 - INFO (fourier_nmr_driver.acquisition) - Experiment MULTISUPPDC_f completed.
19-May-24 12:41:47 - INFO (fourier_nmr_driver.acquisition) - Experiments on sample batch3-19 completed.
19-May-24 12:42:53 - INFO (fourier_nmr_driver.acquisition) - Sample batch3-20 inserted from rack position 20.
19-May-24 12:44:55 - INFO (fourier_nmr_driver.acquisition) - Locking Fourier80 has finished.
19-May-24 12:44:56 - INFO (fourier_nmr_driver.acquisition) - Number of scans for experiment MULTISUPPDC_f (expno 10) on sample batch3-20 is 8.
19-May-24 12:44:56 - INFO (fourier_nmr_driver.acquisition) - MULTISUPPDC_f: presaturation of 10 and peak picking threshold 0.008.
19-May-24 12:46:51 - INFO (fourier_nmr_driver.acquisition) - Experiment MULTISUPPDC_f completed.
19-May-24 12:46:51 - INFO (fourier_nmr_driver.acquisition) - Experiments on sample batch3-20 completed.
19-May-24 12:47:59 - INFO (fourier_nmr_driver.acquisition) - Sample batch3-23 inserted from rack position 23.
19-May-24 12:50:01 - INFO (fourier_nmr_driver.acquisition) - Locking Fourier80 has finished.
19-May-24 12:50:01 - INFO (fourier_nmr_driver.acquisition) - Number of scans for experiment MULTISUPPDC_f (expno 10) on sample batch3-23 is 8.
19-May-24 12:50:01 - INFO (fourier_nmr_driver.acquisition) - MULTISUPPDC_f: presaturation of 10 and peak picking threshold 0.008.
19-May-24 12:51:57 - INFO (fourier_nmr_driver.acquisition) - Experiment MULTISUPPDC_f completed.
19-May-24 12:51:57 - INFO (fourier_nmr_driver.acquisition) - Experiments on sample batch3-23 completed.
19-May-24 12:53:07 - INFO (fourier_nmr_driver.acquisition) - Sample batch3-24 inserted from rack position 24.
19-May-24 12:55:10 - INFO (fourier_nmr_driver.acquisition) - Locking Fourier80 has finished.
19-May-24 12:55:10 - INFO (fourier_nmr_driver.acquisition) - Number of scans for experiment MULTISUPPDC_f (expno 10) on sample batch3-24 is 8.
19-May-24 12:55:10 - INFO (fourier_nmr_driver.acquisition) - MULTISUPPDC_f: presaturation of 10 and peak picking threshold 0.008.
19-May-24 12:57:07 - INFO (fourier_nmr_driver.acquisition) - Experiment MULTISUPPDC_f completed.
19-May-24 12:57:07 - INFO (fourier_nmr_driver.acquisition) - Experiments on sample batch3-24 completed.
19-May-24 12:58:17 - INFO (fourier_nmr_driver.acquisition) - Sample batch3-25 inserted from rack position 25.
19-May-24 13:00:24 - INFO (fourier_nmr_driver.acquisition) - Locking Fourier80 has finished.
19-May-24 13:00:24 - INFO (fourier_nmr_driver.acquisition) - Number of scans for experiment MULTISUPPDC_f (expno 10) on sample batch3-25 is 8.
19-May-24 13:00:24 - INFO (fourier_nmr_driver.acquisition) - MULTISUPPDC_f: presaturation of 10 and peak picking threshold 0.008.
19-May-24 13:02:21 - INFO (fourier_nmr_driver.acquisition) - Experiment MULTISUPPDC_f completed.
19-May-24 13:02:21 - INFO (fourier_nmr_driver.acquisition) - Experiments on sample batch3-25 completed.
19-May-24 13:03:30 - INFO (fourier_nmr_driver.acquisition) - Sample batch3-26 inserted from rack position 26.
19-May-24 13:05:41 - INFO (fourier_nmr_driver.acquisition) - Locking Fourier80 has finished.
19-May-24 13:05:41 - INFO (fourier_nmr_driver.acquisition) - Number of scans for experiment MULTISUPPDC_f (expno 10) on sample batch3-26 is 8.
19-May-24 13:05:41 - INFO (fourier_nmr_driver.acquisition) - MULTISUPPDC_f: presaturation of 10 and peak picking threshold 0.008.
19-May-24 13:07:37 - INFO (fourier_nmr_driver.acquisition) - Experiment MULTISUPPDC_f completed.
19-May-24 13:07:37 - INFO (fourier_nmr_driver.acquisition) - Experiments on sample batch3-26 completed.
19-May-24 13:08:45 - INFO (fourier_nmr_driver.acquisition) - Sample batch3-27 inserted from rack position 27.
19-May-24 13:10:48 - INFO (fourier_nmr_driver.acquisition) - Locking Fourier80 has finished.
19-May-24 13:10:48 - INFO (fourier_nmr_driver.acquisition) - Number of scans for experiment MULTISUPPDC_f (expno 10) on sample batch3-27 is 8.
19-May-24 13:10:48 - INFO (fourier_nmr_driver.acquisition) - MULTISUPPDC_f: presaturation of 10 and peak picking threshold 0.008.
19-May-24 13:12:44 - INFO (fourier_nmr_driver.acquisition) - Experiment MULTISUPPDC_f completed.
19-May-24 13:12:44 - INFO (fourier_nmr_driver.acquisition) - Experiments on sample batch3-27 completed.
19-May-24 13:13:51 - INFO (fourier_nmr_driver.acquisition) - Sample batch3-28 inserted from rack position 28.
19-May-24 13:15:54 - INFO (fourier_nmr_driver.acquisition) - Locking Fourier80 has finished.
19-May-24 13:15:54 - INFO (fourier_nmr_driver.acquisition) - Number of scans for experiment MULTISUPPDC_f (expno 10) on sample batch3-28 is 8.
19-May-24 13:15:54 - INFO (fourier_nmr_driver.acquisition) - MULTISUPPDC_f: presaturation of 10 and peak picking threshold 0.008.
19-May-24 13:17:50 - INFO (fourier_nmr_driver.acquisition) - Experiment MULTISUPPDC_f completed.
19-May-24 13:17:50 - INFO (fourier_nmr_driver.acquisition) - Experiments on sample batch3-28 completed.
19-May-24 13:18:59 - INFO (fourier_nmr_driver.acquisition) - Sample batch3-29 inserted from rack position 29.
19-May-24 13:21:01 - INFO (fourier_nmr_driver.acquisition) - Locking Fourier80 has finished.
19-May-24 13:21:01 - INFO (fourier_nmr_driver.acquisition) - Number of scans for experiment MULTISUPPDC_f (expno 10) on sample batch3-29 is 8.
19-May-24 13:21:01 - INFO (fourier_nmr_driver.acquisition) - MULTISUPPDC_f: presaturation of 10 and peak picking threshold 0.008.
19-May-24 13:22:57 - INFO (fourier_nmr_driver.acquisition) - Experiment MULTISUPPDC_f completed.
19-May-24 13:22:57 - INFO (fourier_nmr_driver.acquisition) - Experiments on sample batch3-29 completed.
19-May-24 13:24:04 - INFO (fourier_nmr_driver.acquisition) - Sample batch3-30 inserted from rack position 30.
19-May-24 13:26:19 - INFO (fourier_nmr_driver.acquisition) - Locking Fourier80 has finished.
19-May-24 13:26:19 - INFO (fourier_nmr_driver.acquisition) - Number of scans for experiment MULTISUPPDC_f (expno 10) on sample batch3-30 is 8.
19-May-24 13:26:19 - INFO (fourier_nmr_driver.acquisition) - MULTISUPPDC_f: presaturation of 10 and peak picking threshold 0.008.
19-May-24 13:28:17 - INFO (fourier_nmr_driver.acquisition) - Experiment MULTISUPPDC_f completed.
19-May-24 13:28:17 - INFO (fourier_nmr_driver.acquisition) - Experiments on sample batch3-30 completed.
19-May-24 13:29:26 - INFO (fourier_nmr_driver.acquisition) - Sample batch3-31 inserted from rack position 31.
19-May-24 13:31:28 - INFO (fourier_nmr_driver.acquisition) - Locking Fourier80 has finished.
19-May-24 13:31:28 - INFO (fourier_nmr_driver.acquisition) - Number of scans for experiment MULTISUPPDC_f (expno 10) on sample batch3-31 is 8.
19-May-24 13:31:28 - INFO (fourier_nmr_driver.acquisition) - MULTISUPPDC_f: presaturation of 10 and peak picking threshold 0.008.
19-May-24 13:33:25 - INFO (fourier_nmr_driver.acquisition) - Experiment MULTISUPPDC_f completed.
19-May-24 13:33:25 - INFO (fourier_nmr_driver.acquisition) - Experiments on sample batch3-31 completed.
19-May-24 13:34:33 - INFO (fourier_nmr_driver.acquisition) - Sample batch3-32 inserted from rack position 32.
19-May-24 13:36:35 - INFO (fourier_nmr_driver.acquisition) - Locking Fourier80 has finished.
19-May-24 13:36:35 - INFO (fourier_nmr_driver.acquisition) - Number of scans for experiment MULTISUPPDC_f (expno 10) on sample batch3-32 is 8.
19-May-24 13:36:35 - INFO (fourier_nmr_driver.acquisition) - MULTISUPPDC_f: presaturation of 10 and peak picking threshold 0.008.
19-May-24 13:38:31 - INFO (fourier_nmr_driver.acquisition) - Experiment MULTISUPPDC_f completed.
19-May-24 13:38:31 - INFO (fourier_nmr_driver.acquisition) - Experiments on sample batch3-32 completed.
19-May-24 13:39:41 - INFO (fourier_nmr_driver.acquisition) - Sample batch3-34 inserted from rack position 34.
19-May-24 13:41:44 - INFO (fourier_nmr_driver.acquisition) - Locking Fourier80 has finished.
19-May-24 13:41:44 - INFO (fourier_nmr_driver.acquisition) - Number of scans for experiment MULTISUPPDC_f (expno 10) on sample batch3-34 is 8.
19-May-24 13:41:44 - INFO (fourier_nmr_driver.acquisition) - MULTISUPPDC_f: presaturation of 10 and peak picking threshold 0.008.
19-May-24 13:43:39 - INFO (fourier_nmr_driver.acquisition) - Experiment MULTISUPPDC_f completed.
19-May-24 13:43:39 - INFO (fourier_nmr_driver.acquisition) - Experiments on sample batch3-34 completed.
19-May-24 13:44:48 - INFO (fourier_nmr_driver.acquisition) - Sample batch3-36 inserted from rack position 36.
19-May-24 13:46:50 - INFO (fourier_nmr_driver.acquisition) - Locking Fourier80 has finished.
19-May-24 13:46:50 - INFO (fourier_nmr_driver.acquisition) - Number of scans for experiment MULTISUPPDC_f (expno 10) on sample batch3-36 is 8.
19-May-24 13:46:50 - INFO (fourier_nmr_driver.acquisition) - MULTISUPPDC_f: presaturation of 10 and peak picking threshold 0.008.
19-May-24 13:48:48 - INFO (fourier_nmr_driver.acquisition) - Experiment MULTISUPPDC_f completed.
19-May-24 13:48:48 - INFO (fourier_nmr_driver.acquisition) - Experiments on sample batch3-36 completed.
19-May-24 13:49:58 - INFO (fourier_nmr_driver.acquisition) - Sample batch3-37 inserted from rack position 37.
19-May-24 13:52:00 - INFO (fourier_nmr_driver.acquisition) - Locking Fourier80 has finished.
19-May-24 13:52:00 - INFO (fourier_nmr_driver.acquisition) - Number of scans for experiment MULTISUPPDC_f (expno 10) on sample batch3-37 is 8.
19-May-24 13:52:00 - INFO (fourier_nmr_driver.acquisition) - MULTISUPPDC_f: presaturation of 10 and peak picking threshold 0.008.
19-May-24 13:53:56 - INFO (fourier_nmr_driver.acquisition) - Experiment MULTISUPPDC_f completed.
19-May-24 13:53:56 - INFO (fourier_nmr_driver.acquisition) - Experiments on sample batch3-37 completed.
19-May-24 13:55:04 - INFO (fourier_nmr_driver.acquisition) - Sample batch3-38 inserted from rack position 38.
19-May-24 13:57:06 - INFO (fourier_nmr_driver.acquisition) - Locking Fourier80 has finished.
19-May-24 13:57:06 - INFO (fourier_nmr_driver.acquisition) - Number of scans for experiment MULTISUPPDC_f (expno 10) on sample batch3-38 is 8.
19-May-24 13:57:06 - INFO (fourier_nmr_driver.acquisition) - MULTISUPPDC_f: presaturation of 10 and peak picking threshold 0.008.
19-May-24 13:59:01 - INFO (fourier_nmr_driver.acquisition) - Experiment MULTISUPPDC_f completed.
19-May-24 13:59:01 - INFO (fourier_nmr_driver.acquisition) - Experiments on sample batch3-38 completed.
19-May-24 14:00:08 - INFO (fourier_nmr_driver.acquisition) - Sample batch3-39 inserted from rack position 39.
19-May-24 14:02:13 - INFO (fourier_nmr_driver.acquisition) - Locking Fourier80 has finished.
19-May-24 14:02:13 - INFO (fourier_nmr_driver.acquisition) - Number of scans for experiment MULTISUPPDC_f (expno 10) on sample batch3-39 is 8.
19-May-24 14:02:13 - INFO (fourier_nmr_driver.acquisition) - MULTISUPPDC_f: presaturation of 10 and peak picking threshold 0.008.
19-May-24 14:04:09 - INFO (fourier_nmr_driver.acquisition) - Experiment MULTISUPPDC_f completed.
19-May-24 14:04:09 - INFO (fourier_nmr_driver.acquisition) - Experiments on sample batch3-39 completed.
19-May-24 14:05:19 - INFO (fourier_nmr_driver.acquisition) - Sample batch3-40 inserted from rack position 40.
19-May-24 14:07:22 - INFO (fourier_nmr_driver.acquisition) - Locking Fourier80 has finished.
19-May-24 14:07:22 - INFO (fourier_nmr_driver.acquisition) - Number of scans for experiment MULTISUPPDC_f (expno 10) on sample batch3-40 is 8.
19-May-24 14:07:22 - INFO (fourier_nmr_driver.acquisition) - MULTISUPPDC_f: presaturation of 10 and peak picking threshold 0.008.
19-May-24 14:09:18 - INFO (fourier_nmr_driver.acquisition) - Experiment MULTISUPPDC_f completed.
19-May-24 14:09:18 - INFO (fourier_nmr_driver.acquisition) - Experiments on sample batch3-40 completed.
19-May-24 14:10:28 - INFO (fourier_nmr_driver.acquisition) - Sample batch3-41 inserted from rack position 41.
19-May-24 14:12:34 - INFO (fourier_nmr_driver.acquisition) - Locking Fourier80 has finished.
19-May-24 14:12:34 - INFO (fourier_nmr_driver.acquisition) - Number of scans for experiment MULTISUPPDC_f (expno 10) on sample batch3-41 is 8.
19-May-24 14:12:34 - INFO (fourier_nmr_driver.acquisition) - MULTISUPPDC_f: presaturation of 10 and peak picking threshold 0.008.
19-May-24 14:14:32 - INFO (fourier_nmr_driver.acquisition) - Experiment MULTISUPPDC_f completed.
19-May-24 14:14:32 - INFO (fourier_nmr_driver.acquisition) - Experiments on sample batch3-41 completed.
19-May-24 14:15:41 - INFO (fourier_nmr_driver.acquisition) - Sample batch3-42 inserted from rack position 42.
19-May-24 14:17:43 - INFO (fourier_nmr_driver.acquisition) - Locking Fourier80 has finished.
19-May-24 14:17:43 - INFO (fourier_nmr_driver.acquisition) - Number of scans for experiment MULTISUPPDC_f (expno 10) on sample batch3-42 is 8.
19-May-24 14:17:43 - INFO (fourier_nmr_driver.acquisition) - MULTISUPPDC_f: presaturation of 10 and peak picking threshold 0.008.
19-May-24 14:19:39 - INFO (fourier_nmr_driver.acquisition) - Experiment MULTISUPPDC_f completed.
19-May-24 14:19:39 - INFO (fourier_nmr_driver.acquisition) - Experiments on sample batch3-42 completed.
19-May-24 14:19:39 - INFO (fourier_nmr_driver.acquisition) - Too much time since last shim - reshimming.
19-May-24 14:20:50 - INFO (fourier_nmr_driver.acquisition) - Shim sample inserted.
19-May-24 14:22:50 - INFO (fourier_nmr_driver.acquisition) - Shimming procedure started.
19-May-24 14:43:51 - INFO (fourier_nmr_driver.acquisition) - Quick shim procedure stopped. Resuming acquisition.
19-May-24 14:45:01 - INFO (fourier_nmr_driver.acquisition) - Sample batch3-43 inserted from rack position 43.
19-May-24 14:47:03 - INFO (fourier_nmr_driver.acquisition) - Locking Fourier80 has finished.
19-May-24 14:47:03 - INFO (fourier_nmr_driver.acquisition) - Number of scans for experiment MULTISUPPDC_f (expno 10) on sample batch3-43 is 8.
19-May-24 14:47:03 - INFO (fourier_nmr_driver.acquisition) - MULTISUPPDC_f: presaturation of 10 and peak picking threshold 0.008.
19-May-24 14:49:00 - INFO (fourier_nmr_driver.acquisition) - Experiment MULTISUPPDC_f completed.
19-May-24 14:49:00 - INFO (fourier_nmr_driver.acquisition) - Experiments on sample batch3-43 completed.
19-May-24 14:50:08 - INFO (fourier_nmr_driver.acquisition) - Sample batch3-44 inserted from rack position 44.
19-May-24 14:52:13 - INFO (fourier_nmr_driver.acquisition) - Locking Fourier80 has finished.
19-May-24 14:52:14 - INFO (fourier_nmr_driver.acquisition) - Number of scans for experiment MULTISUPPDC_f (expno 10) on sample batch3-44 is 8.
19-May-24 14:52:14 - INFO (fourier_nmr_driver.acquisition) - MULTISUPPDC_f: presaturation of 10 and peak picking threshold 0.008.
19-May-24 14:54:10 - INFO (fourier_nmr_driver.acquisition) - Experiment MULTISUPPDC_f completed.
19-May-24 14:54:10 - INFO (fourier_nmr_driver.acquisition) - Experiments on sample batch3-44 completed.
19-May-24 14:55:19 - INFO (fourier_nmr_driver.acquisition) - Sample batch3-45 inserted from rack position 45.
19-May-24 14:57:21 - INFO (fourier_nmr_driver.acquisition) - Locking Fourier80 has finished.
19-May-24 14:57:21 - INFO (fourier_nmr_driver.acquisition) - Number of scans for experiment MULTISUPPDC_f (expno 10) on sample batch3-45 is 8.
19-May-24 14:57:21 - INFO (fourier_nmr_driver.acquisition) - MULTISUPPDC_f: presaturation of 10 and peak picking threshold 0.008.
19-May-24 14:59:18 - INFO (fourier_nmr_driver.acquisition) - Experiment MULTISUPPDC_f completed.
19-May-24 14:59:18 - INFO (fourier_nmr_driver.acquisition) - Experiments on sample batch3-45 completed.
19-May-24 15:00:26 - INFO (fourier_nmr_driver.acquisition) - Sample batch3-46 inserted from rack position 46.
19-May-24 15:02:29 - INFO (fourier_nmr_driver.acquisition) - Locking Fourier80 has finished.
19-May-24 15:02:29 - INFO (fourier_nmr_driver.acquisition) - Number of scans for experiment MULTISUPPDC_f (expno 10) on sample batch3-46 is 8.
19-May-24 15:02:29 - INFO (fourier_nmr_driver.acquisition) - MULTISUPPDC_f: presaturation of 10 and peak picking threshold 0.008.
19-May-24 15:04:24 - INFO (fourier_nmr_driver.acquisition) - Experiment MULTISUPPDC_f completed.
19-May-24 15:04:24 - INFO (fourier_nmr_driver.acquisition) - Experiments on sample batch3-46 completed.
19-May-24 15:05:33 - INFO (fourier_nmr_driver.acquisition) - Sample batch3-47 inserted from rack position 47.
19-May-24 15:07:35 - INFO (fourier_nmr_driver.acquisition) - Locking Fourier80 has finished.
19-May-24 15:07:35 - INFO (fourier_nmr_driver.acquisition) - Number of scans for experiment MULTISUPPDC_f (expno 10) on sample batch3-47 is 8.
19-May-24 15:07:35 - INFO (fourier_nmr_driver.acquisition) - MULTISUPPDC_f: presaturation of 10 and peak picking threshold 0.008.
19-May-24 15:09:32 - INFO (fourier_nmr_driver.acquisition) - Experiment MULTISUPPDC_f completed.
19-May-24 15:09:32 - INFO (fourier_nmr_driver.acquisition) - Experiments on sample batch3-47 completed.
19-May-24 15:10:40 - INFO (fourier_nmr_driver.acquisition) - Sample batch3-48 inserted from rack position 48.
19-May-24 15:12:42 - INFO (fourier_nmr_driver.acquisition) - Locking Fourier80 has finished.
19-May-24 15:12:43 - INFO (fourier_nmr_driver.acquisition) - Number of scans for experiment MULTISUPPDC_f (expno 10) on sample batch3-48 is 8.
19-May-24 15:12:43 - INFO (fourier_nmr_driver.acquisition) - MULTISUPPDC_f: presaturation of 10 and peak picking threshold 0.008.
19-May-24 15:14:39 - INFO (fourier_nmr_driver.acquisition) - Experiment MULTISUPPDC_f completed.
19-May-24 15:14:39 - INFO (fourier_nmr_driver.acquisition) - Experiments on sample batch3-48 completed.
19-May-24 15:14:39 - INFO (fourier_nmr_driver.acquisition) - All spectra acquired for batch 'batch3'.
19-May-24 15:15:50 - INFO (fourier_nmr_driver.__main__) - Shim sample inserted (position 1).
19-May-24 15:15:50 - INFO (fourier_nmr_driver.__main__) - Started the quickshim procedure.
19-May-24 15:33:39 - INFO (fourier_nmr_driver.__main__) - Code running in C:\NMRData\EB\projectGunther\FullRuns\FullRun2.
19-May-24 15:33:39 - INFO (fourier_nmr_driver.__main__) - Default settings loaded.
19-May-24 15:33:39 - INFO (fourier_nmr_driver.__main__) - Shim sample in reference rack position 1.
19-May-24 15:33:39 - INFO (fourier_nmr_driver.__main__) - Shimming every 3.00 hours.
19-May-24 15:33:39 - INFO (fourier_nmr_driver.__main__) - Shimming time will be 20.00 minutes.
19-May-24 15:33:39 - INFO (fourier_nmr_driver.__main__) - Acquiring spectra specified in C:\NMRData\EB\projectGunther\FullRuns\FullRun2\batch4.json.
19-May-24 15:33:39 - INFO (fourier_nmr_driver.__main__) - Data will be saved in C:\NMRData\EB\projectGunther\FullRuns\FullRun2\2024-05-19-batch4-NMR.
19-May-24 15:33:39 - INFO (fourier_nmr_driver.__main__) - Using PAL racks.
19-May-24 15:33:39 - INFO (fourier_nmr_driver.__main__) - Fourier80 REST interface connected at localhost:3081.
19-May-24 15:34:39 - INFO (fourier_nmr_driver.__main__) - Quickshim procedure completed.
19-May-24 15:34:39 - INFO (fourier_nmr_driver.acquisition) - Loaded 47 sample request(s).
19-May-24 15:35:49 - INFO (fourier_nmr_driver.acquisition) - Sample batch4-01 inserted from rack position 01.
19-May-24 15:37:51 - INFO (fourier_nmr_driver.acquisition) - Locking Fourier80 has finished.
19-May-24 15:37:51 - INFO (fourier_nmr_driver.acquisition) - Number of scans for experiment MULTISUPPDC_f (expno 10) on sample batch4-01 is 8.
19-May-24 15:37:51 - INFO (fourier_nmr_driver.acquisition) - MULTISUPPDC_f: presaturation of 10 and peak picking threshold 0.008.
19-May-24 15:39:48 - INFO (fourier_nmr_driver.acquisition) - Experiment MULTISUPPDC_f completed.
19-May-24 15:39:48 - INFO (fourier_nmr_driver.acquisition) - Experiments on sample batch4-01 completed.
19-May-24 15:40:56 - INFO (fourier_nmr_driver.acquisition) - Sample batch4-02 inserted from rack position 02.
19-May-24 15:42:58 - INFO (fourier_nmr_driver.acquisition) - Locking Fourier80 has finished.
19-May-24 15:42:58 - INFO (fourier_nmr_driver.acquisition) - Number of scans for experiment MULTISUPPDC_f (expno 10) on sample batch4-02 is 8.
19-May-24 15:42:58 - INFO (fourier_nmr_driver.acquisition) - MULTISUPPDC_f: presaturation of 10 and peak picking threshold 0.008.
19-May-24 15:45:01 - INFO (fourier_nmr_driver.acquisition) - Experiment MULTISUPPDC_f completed.
19-May-24 15:45:01 - INFO (fourier_nmr_driver.acquisition) - Experiments on sample batch4-02 completed.
19-May-24 15:46:09 - INFO (fourier_nmr_driver.acquisition) - Sample batch4-03 inserted from rack position 03.
19-May-24 15:48:13 - INFO (fourier_nmr_driver.acquisition) - Locking Fourier80 has finished.
19-May-24 15:48:13 - INFO (fourier_nmr_driver.acquisition) - Number of scans for experiment MULTISUPPDC_f (expno 10) on sample batch4-03 is 8.
19-May-24 15:48:13 - INFO (fourier_nmr_driver.acquisition) - MULTISUPPDC_f: presaturation of 10 and peak picking threshold 0.008.
19-May-24 15:50:10 - INFO (fourier_nmr_driver.acquisition) - Experiment MULTISUPPDC_f completed.
19-May-24 15:50:10 - INFO (fourier_nmr_driver.acquisition) - Experiments on sample batch4-03 completed.
19-May-24 15:51:19 - INFO (fourier_nmr_driver.acquisition) - Sample batch4-04 inserted from rack position 04.
19-May-24 15:53:21 - INFO (fourier_nmr_driver.acquisition) - Locking Fourier80 has finished.
19-May-24 15:53:21 - INFO (fourier_nmr_driver.acquisition) - Number of scans for experiment MULTISUPPDC_f (expno 10) on sample batch4-04 is 8.
19-May-24 15:53:21 - INFO (fourier_nmr_driver.acquisition) - MULTISUPPDC_f: presaturation of 10 and peak picking threshold 0.008.
19-May-24 15:55:18 - INFO (fourier_nmr_driver.acquisition) - Experiment MULTISUPPDC_f completed.
19-May-24 15:55:18 - INFO (fourier_nmr_driver.acquisition) - Experiments on sample batch4-04 completed.
19-May-24 15:56:26 - INFO (fourier_nmr_driver.acquisition) - Sample batch4-05 inserted from rack position 05.
19-May-24 15:58:28 - INFO (fourier_nmr_driver.acquisition) - Locking Fourier80 has finished.
19-May-24 15:58:28 - INFO (fourier_nmr_driver.acquisition) - Number of scans for experiment MULTISUPPDC_f (expno 10) on sample batch4-05 is 8.
19-May-24 15:58:28 - INFO (fourier_nmr_driver.acquisition) - MULTISUPPDC_f: presaturation of 10 and peak picking threshold 0.008.
19-May-24 16:00:25 - INFO (fourier_nmr_driver.acquisition) - Experiment MULTISUPPDC_f completed.
19-May-24 16:00:25 - INFO (fourier_nmr_driver.acquisition) - Experiments on sample batch4-05 completed.
19-May-24 16:01:34 - INFO (fourier_nmr_driver.acquisition) - Sample batch4-06 inserted from rack position 06.
19-May-24 16:03:36 - INFO (fourier_nmr_driver.acquisition) - Locking Fourier80 has finished.
19-May-24 16:03:36 - INFO (fourier_nmr_driver.acquisition) - Number of scans for experiment MULTISUPPDC_f (expno 10) on sample batch4-06 is 8.
19-May-24 16:03:36 - INFO (fourier_nmr_driver.acquisition) - MULTISUPPDC_f: presaturation of 10 and peak picking threshold 0.008.
19-May-24 16:05:31 - INFO (fourier_nmr_driver.acquisition) - Experiment MULTISUPPDC_f completed.
19-May-24 16:05:31 - INFO (fourier_nmr_driver.acquisition) - Experiments on sample batch4-06 completed.
19-May-24 16:06:40 - INFO (fourier_nmr_driver.acquisition) - Sample batch4-07 inserted from rack position 07.
19-May-24 16:08:42 - INFO (fourier_nmr_driver.acquisition) - Locking Fourier80 has finished.
19-May-24 16:08:42 - INFO (fourier_nmr_driver.acquisition) - Number of scans for experiment MULTISUPPDC_f (expno 10) on sample batch4-07 is 8.
19-May-24 16:08:42 - INFO (fourier_nmr_driver.acquisition) - MULTISUPPDC_f: presaturation of 10 and peak picking threshold 0.008.
19-May-24 16:10:38 - INFO (fourier_nmr_driver.acquisition) - Experiment MULTISUPPDC_f completed.
19-May-24 16:10:38 - INFO (fourier_nmr_driver.acquisition) - Experiments on sample batch4-07 completed.
19-May-24 16:11:47 - INFO (fourier_nmr_driver.acquisition) - Sample batch4-08 inserted from rack position 08.
19-May-24 16:13:50 - INFO (fourier_nmr_driver.acquisition) - Locking Fourier80 has finished.
19-May-24 16:13:50 - INFO (fourier_nmr_driver.acquisition) - Number of scans for experiment MULTISUPPDC_f (expno 10) on sample batch4-08 is 8.
19-May-24 16:13:50 - INFO (fourier_nmr_driver.acquisition) - MULTISUPPDC_f: presaturation of 10 and peak picking threshold 0.008.
19-May-24 16:15:45 - INFO (fourier_nmr_driver.acquisition) - Experiment MULTISUPPDC_f completed.
19-May-24 16:15:45 - INFO (fourier_nmr_driver.acquisition) - Experiments on sample batch4-08 completed.
19-May-24 16:16:55 - INFO (fourier_nmr_driver.acquisition) - Sample batch4-09 inserted from rack position 09.
19-May-24 16:18:57 - INFO (fourier_nmr_driver.acquisition) - Locking Fourier80 has finished.
19-May-24 16:18:57 - INFO (fourier_nmr_driver.acquisition) - Number of scans for experiment MULTISUPPDC_f (expno 10) on sample batch4-09 is 8.
19-May-24 16:18:57 - INFO (fourier_nmr_driver.acquisition) - MULTISUPPDC_f: presaturation of 10 and peak picking threshold 0.008.
19-May-24 16:20:53 - INFO (fourier_nmr_driver.acquisition) - Experiment MULTISUPPDC_f completed.
19-May-24 16:20:53 - INFO (fourier_nmr_driver.acquisition) - Experiments on sample batch4-09 completed.
19-May-24 16:22:01 - INFO (fourier_nmr_driver.acquisition) - Sample batch4-10 inserted from rack position 10.
19-May-24 16:24:03 - INFO (fourier_nmr_driver.acquisition) - Locking Fourier80 has finished.
19-May-24 16:24:04 - INFO (fourier_nmr_driver.acquisition) - Number of scans for experiment MULTISUPPDC_f (expno 10) on sample batch4-10 is 8.
19-May-24 16:24:04 - INFO (fourier_nmr_driver.acquisition) - MULTISUPPDC_f: presaturation of 10 and peak picking threshold 0.008.
19-May-24 16:25:58 - INFO (fourier_nmr_driver.acquisition) - Experiment MULTISUPPDC_f completed.
19-May-24 16:25:58 - INFO (fourier_nmr_driver.acquisition) - Experiments on sample batch4-10 completed.
19-May-24 16:27:06 - INFO (fourier_nmr_driver.acquisition) - Sample batch4-11 inserted from rack position 11.
19-May-24 16:29:08 - INFO (fourier_nmr_driver.acquisition) - Locking Fourier80 has finished.
19-May-24 16:29:09 - INFO (fourier_nmr_driver.acquisition) - Number of scans for experiment MULTISUPPDC_f (expno 10) on sample batch4-11 is 8.
19-May-24 16:29:09 - INFO (fourier_nmr_driver.acquisition) - MULTISUPPDC_f: presaturation of 10 and peak picking threshold 0.008.
19-May-24 16:31:07 - INFO (fourier_nmr_driver.acquisition) - Experiment MULTISUPPDC_f completed.
19-May-24 16:31:07 - INFO (fourier_nmr_driver.acquisition) - Experiments on sample batch4-11 completed.
19-May-24 16:32:16 - INFO (fourier_nmr_driver.acquisition) - Sample batch4-12 inserted from rack position 12.
19-May-24 16:34:18 - INFO (fourier_nmr_driver.acquisition) - Locking Fourier80 has finished.
19-May-24 16:34:18 - INFO (fourier_nmr_driver.acquisition) - Number of scans for experiment MULTISUPPDC_f (expno 10) on sample batch4-12 is 8.
19-May-24 16:34:18 - INFO (fourier_nmr_driver.acquisition) - MULTISUPPDC_f: presaturation of 10 and peak picking threshold 0.008.
19-May-24 16:36:14 - INFO (fourier_nmr_driver.acquisition) - Experiment MULTISUPPDC_f completed.
19-May-24 16:36:14 - INFO (fourier_nmr_driver.acquisition) - Experiments on sample batch4-12 completed.
19-May-24 16:37:23 - INFO (fourier_nmr_driver.acquisition) - Sample batch4-13 inserted from rack position 13.
19-May-24 16:39:25 - INFO (fourier_nmr_driver.acquisition) - Locking Fourier80 has finished.
19-May-24 16:39:25 - INFO (fourier_nmr_driver.acquisition) - Number of scans for experiment MULTISUPPDC_f (expno 10) on sample batch4-13 is 8.
19-May-24 16:39:25 - INFO (fourier_nmr_driver.acquisition) - MULTISUPPDC_f: presaturation of 10 and peak picking threshold 0.008.
19-May-24 16:41:21 - INFO (fourier_nmr_driver.acquisition) - Experiment MULTISUPPDC_f completed.
19-May-24 16:41:21 - INFO (fourier_nmr_driver.acquisition) - Experiments on sample batch4-13 completed.
19-May-24 16:42:29 - INFO (fourier_nmr_driver.acquisition) - Sample batch4-14 inserted from rack position 14.
19-May-24 16:44:31 - INFO (fourier_nmr_driver.acquisition) - Locking Fourier80 has finished.
19-May-24 16:44:31 - INFO (fourier_nmr_driver.acquisition) - Number of scans for experiment MULTISUPPDC_f (expno 10) on sample batch4-14 is 8.
19-May-24 16:44:31 - INFO (fourier_nmr_driver.acquisition) - MULTISUPPDC_f: presaturation of 10 and peak picking threshold 0.008.
19-May-24 16:46:29 - INFO (fourier_nmr_driver.acquisition) - Experiment MULTISUPPDC_f completed.
19-May-24 16:46:29 - INFO (fourier_nmr_driver.acquisition) - Experiments on sample batch4-14 completed.
19-May-24 16:47:38 - INFO (fourier_nmr_driver.acquisition) - Sample batch4-15 inserted from rack position 15.
19-May-24 16:49:40 - INFO (fourier_nmr_driver.acquisition) - Locking Fourier80 has finished.
19-May-24 16:49:40 - INFO (fourier_nmr_driver.acquisition) - Number of scans for experiment MULTISUPPDC_f (expno 10) on sample batch4-15 is 8.
19-May-24 16:49:40 - INFO (fourier_nmr_driver.acquisition) - MULTISUPPDC_f: presaturation of 10 and peak picking threshold 0.008.
19-May-24 16:51:38 - INFO (fourier_nmr_driver.acquisition) - Experiment MULTISUPPDC_f completed.
19-May-24 16:51:38 - INFO (fourier_nmr_driver.acquisition) - Experiments on sample batch4-15 completed.
19-May-24 16:52:48 - INFO (fourier_nmr_driver.acquisition) - Sample batch4-16 inserted from rack position 16.
19-May-24 16:54:50 - INFO (fourier_nmr_driver.acquisition) - Locking Fourier80 has finished.
19-May-24 16:54:50 - INFO (fourier_nmr_driver.acquisition) - Number of scans for experiment MULTISUPPDC_f (expno 10) on sample batch4-16 is 8.
19-May-24 16:54:50 - INFO (fourier_nmr_driver.acquisition) - MULTISUPPDC_f: presaturation of 10 and peak picking threshold 0.008.
19-May-24 16:56:46 - INFO (fourier_nmr_driver.acquisition) - Experiment MULTISUPPDC_f completed.
19-May-24 16:56:46 - INFO (fourier_nmr_driver.acquisition) - Experiments on sample batch4-16 completed.
19-May-24 16:57:57 - INFO (fourier_nmr_driver.acquisition) - Sample batch4-17 inserted from rack position 17.
19-May-24 17:00:00 - INFO (fourier_nmr_driver.acquisition) - Locking Fourier80 has finished.
19-May-24 17:00:00 - INFO (fourier_nmr_driver.acquisition) - Number of scans for experiment MULTISUPPDC_f (expno 10) on sample batch4-17 is 8.
19-May-24 17:00:00 - INFO (fourier_nmr_driver.acquisition) - MULTISUPPDC_f: presaturation of 10 and peak picking threshold 0.008.
19-May-24 17:01:57 - INFO (fourier_nmr_driver.acquisition) - Experiment MULTISUPPDC_f completed.
19-May-24 17:01:57 - INFO (fourier_nmr_driver.acquisition) - Experiments on sample batch4-17 completed.
19-May-24 17:03:06 - INFO (fourier_nmr_driver.acquisition) - Sample batch4-18 inserted from rack position 18.
19-May-24 17:05:26 - INFO (fourier_nmr_driver.acquisition) - Locking Fourier80 has finished.
19-May-24 17:05:26 - INFO (fourier_nmr_driver.acquisition) - Number of scans for experiment MULTISUPPDC_f (expno 10) on sample batch4-18 is 8.
19-May-24 17:05:26 - INFO (fourier_nmr_driver.acquisition) - MULTISUPPDC_f: presaturation of 10 and peak picking threshold 0.008.
19-May-24 17:07:21 - INFO (fourier_nmr_driver.acquisition) - Experiment MULTISUPPDC_f completed.
19-May-24 17:07:21 - INFO (fourier_nmr_driver.acquisition) - Experiments on sample batch4-18 completed.
19-May-24 17:08:30 - INFO (fourier_nmr_driver.acquisition) - Sample batch4-19 inserted from rack position 19.
19-May-24 17:10:37 - INFO (fourier_nmr_driver.acquisition) - Locking Fourier80 has finished.
19-May-24 17:10:37 - INFO (fourier_nmr_driver.acquisition) - Number of scans for experiment MULTISUPPDC_f (expno 10) on sample batch4-19 is 8.
19-May-24 17:10:37 - INFO (fourier_nmr_driver.acquisition) - MULTISUPPDC_f: presaturation of 10 and peak picking threshold 0.008.
19-May-24 17:12:32 - INFO (fourier_nmr_driver.acquisition) - Experiment MULTISUPPDC_f completed.
19-May-24 17:12:32 - INFO (fourier_nmr_driver.acquisition) - Experiments on sample batch4-19 completed.
19-May-24 17:13:43 - INFO (fourier_nmr_driver.acquisition) - Sample batch4-20 inserted from rack position 20.
19-May-24 17:15:45 - INFO (fourier_nmr_driver.acquisition) - Locking Fourier80 has finished.
19-May-24 17:15:45 - INFO (fourier_nmr_driver.acquisition) - Number of scans for experiment MULTISUPPDC_f (expno 10) on sample batch4-20 is 8.
19-May-24 17:15:45 - INFO (fourier_nmr_driver.acquisition) - MULTISUPPDC_f: presaturation of 10 and peak picking threshold 0.008.
19-May-24 17:17:42 - INFO (fourier_nmr_driver.acquisition) - Experiment MULTISUPPDC_f completed.
19-May-24 17:17:42 - INFO (fourier_nmr_driver.acquisition) - Experiments on sample batch4-20 completed.
19-May-24 17:18:52 - INFO (fourier_nmr_driver.acquisition) - Sample batch4-21 inserted from rack position 21.
19-May-24 17:20:54 - INFO (fourier_nmr_driver.acquisition) - Locking Fourier80 has finished.
19-May-24 17:20:54 - INFO (fourier_nmr_driver.acquisition) - Number of scans for experiment MULTISUPPDC_f (expno 10) on sample batch4-21 is 8.
19-May-24 17:20:54 - INFO (fourier_nmr_driver.acquisition) - MULTISUPPDC_f: presaturation of 10 and peak picking threshold 0.008.
19-May-24 17:22:50 - INFO (fourier_nmr_driver.acquisition) - Experiment MULTISUPPDC_f completed.
19-May-24 17:22:50 - INFO (fourier_nmr_driver.acquisition) - Experiments on sample batch4-21 completed.
19-May-24 17:24:00 - INFO (fourier_nmr_driver.acquisition) - Sample batch4-22 inserted from rack position 22.
19-May-24 17:26:02 - INFO (fourier_nmr_driver.acquisition) - Locking Fourier80 has finished.
19-May-24 17:26:02 - INFO (fourier_nmr_driver.acquisition) - Number of scans for experiment MULTISUPPDC_f (expno 10) on sample batch4-22 is 8.
19-May-24 17:26:02 - INFO (fourier_nmr_driver.acquisition) - MULTISUPPDC_f: presaturation of 10 and peak picking threshold 0.008.
19-May-24 17:27:59 - INFO (fourier_nmr_driver.acquisition) - Experiment MULTISUPPDC_f completed.
19-May-24 17:27:59 - INFO (fourier_nmr_driver.acquisition) - Experiments on sample batch4-22 completed.
19-May-24 17:29:07 - INFO (fourier_nmr_driver.acquisition) - Sample batch4-23 inserted from rack position 23.
19-May-24 17:31:09 - INFO (fourier_nmr_driver.acquisition) - Locking Fourier80 has finished.
19-May-24 17:31:09 - INFO (fourier_nmr_driver.acquisition) - Number of scans for experiment MULTISUPPDC_f (expno 10) on sample batch4-23 is 8.
19-May-24 17:31:09 - INFO (fourier_nmr_driver.acquisition) - MULTISUPPDC_f: presaturation of 10 and peak picking threshold 0.008.
19-May-24 17:33:06 - INFO (fourier_nmr_driver.acquisition) - Experiment MULTISUPPDC_f completed.
19-May-24 17:33:06 - INFO (fourier_nmr_driver.acquisition) - Experiments on sample batch4-23 completed.
19-May-24 17:34:15 - INFO (fourier_nmr_driver.acquisition) - Sample batch4-24 inserted from rack position 24.
19-May-24 17:36:17 - INFO (fourier_nmr_driver.acquisition) - Locking Fourier80 has finished.
19-May-24 17:36:17 - INFO (fourier_nmr_driver.acquisition) - Number of scans for experiment MULTISUPPDC_f (expno 10) on sample batch4-24 is 8.
19-May-24 17:36:17 - INFO (fourier_nmr_driver.acquisition) - MULTISUPPDC_f: presaturation of 10 and peak picking threshold 0.008.
19-May-24 17:38:18 - INFO (fourier_nmr_driver.acquisition) - Experiment MULTISUPPDC_f completed.
19-May-24 17:38:18 - INFO (fourier_nmr_driver.acquisition) - Experiments on sample batch4-24 completed.
19-May-24 17:39:30 - INFO (fourier_nmr_driver.acquisition) - Sample batch4-25 inserted from rack position 25.
19-May-24 17:41:32 - INFO (fourier_nmr_driver.acquisition) - Locking Fourier80 has finished.
19-May-24 17:41:32 - INFO (fourier_nmr_driver.acquisition) - Number of scans for experiment MULTISUPPDC_f (expno 10) on sample batch4-25 is 8.
19-May-24 17:41:32 - INFO (fourier_nmr_driver.acquisition) - MULTISUPPDC_f: presaturation of 10 and peak picking threshold 0.008.
19-May-24 17:43:28 - INFO (fourier_nmr_driver.acquisition) - Experiment MULTISUPPDC_f completed.
19-May-24 17:43:28 - INFO (fourier_nmr_driver.acquisition) - Experiments on sample batch4-25 completed.
19-May-24 17:44:39 - INFO (fourier_nmr_driver.acquisition) - Sample batch4-26 inserted from rack position 26.
19-May-24 17:46:41 - INFO (fourier_nmr_driver.acquisition) - Locking Fourier80 has finished.
19-May-24 17:46:41 - INFO (fourier_nmr_driver.acquisition) - Number of scans for experiment MULTISUPPDC_f (expno 10) on sample batch4-26 is 8.
19-May-24 17:46:41 - INFO (fourier_nmr_driver.acquisition) - MULTISUPPDC_f: presaturation of 10 and peak picking threshold 0.008.
19-May-24 17:48:39 - INFO (fourier_nmr_driver.acquisition) - Experiment MULTISUPPDC_f completed.
19-May-24 17:48:39 - INFO (fourier_nmr_driver.acquisition) - Experiments on sample batch4-26 completed.
19-May-24 17:49:48 - INFO (fourier_nmr_driver.acquisition) - Sample batch4-27 inserted from rack position 27.
19-May-24 17:52:09 - INFO (fourier_nmr_driver.acquisition) - Locking Fourier80 has finished.
19-May-24 17:52:09 - INFO (fourier_nmr_driver.acquisition) - Number of scans for experiment MULTISUPPDC_f (expno 10) on sample batch4-27 is 8.
19-May-24 17:52:09 - INFO (fourier_nmr_driver.acquisition) - MULTISUPPDC_f: presaturation of 10 and peak picking threshold 0.008.
19-May-24 17:54:07 - INFO (fourier_nmr_driver.acquisition) - Experiment MULTISUPPDC_f completed.
19-May-24 17:54:07 - INFO (fourier_nmr_driver.acquisition) - Experiments on sample batch4-27 completed.
19-May-24 17:55:16 - INFO (fourier_nmr_driver.acquisition) - Sample batch4-28 inserted from rack position 28.
19-May-24 17:57:19 - INFO (fourier_nmr_driver.acquisition) - Locking Fourier80 has finished.
19-May-24 17:57:19 - INFO (fourier_nmr_driver.acquisition) - Number of scans for experiment MULTISUPPDC_f (expno 10) on sample batch4-28 is 8.
19-May-24 17:57:19 - INFO (fourier_nmr_driver.acquisition) - MULTISUPPDC_f: presaturation of 10 and peak picking threshold 0.008.
19-May-24 17:59:16 - INFO (fourier_nmr_driver.acquisition) - Experiment MULTISUPPDC_f completed.
19-May-24 17:59:16 - INFO (fourier_nmr_driver.acquisition) - Experiments on sample batch4-28 completed.
19-May-24 18:00:25 - INFO (fourier_nmr_driver.acquisition) - Sample batch4-29 inserted from rack position 29.
19-May-24 18:02:28 - INFO (fourier_nmr_driver.acquisition) - Locking Fourier80 has finished.
19-May-24 18:02:28 - INFO (fourier_nmr_driver.acquisition) - Number of scans for experiment MULTISUPPDC_f (expno 10) on sample batch4-29 is 8.
19-May-24 18:02:28 - INFO (fourier_nmr_driver.acquisition) - MULTISUPPDC_f: presaturation of 10 and peak picking threshold 0.008.
19-May-24 18:04:23 - INFO (fourier_nmr_driver.acquisition) - Experiment MULTISUPPDC_f completed.
19-May-24 18:04:23 - INFO (fourier_nmr_driver.acquisition) - Experiments on sample batch4-29 completed.
19-May-24 18:05:32 - INFO (fourier_nmr_driver.acquisition) - Sample batch4-30 inserted from rack position 30.
19-May-24 18:07:34 - INFO (fourier_nmr_driver.acquisition) - Locking Fourier80 has finished.
19-May-24 18:07:34 - INFO (fourier_nmr_driver.acquisition) - Number of scans for experiment MULTISUPPDC_f (expno 10) on sample batch4-30 is 8.
19-May-24 18:07:34 - INFO (fourier_nmr_driver.acquisition) - MULTISUPPDC_f: presaturation of 10 and peak picking threshold 0.008.
19-May-24 18:09:30 - INFO (fourier_nmr_driver.acquisition) - Experiment MULTISUPPDC_f completed.
19-May-24 18:09:30 - INFO (fourier_nmr_driver.acquisition) - Experiments on sample batch4-30 completed.
19-May-24 18:10:39 - INFO (fourier_nmr_driver.acquisition) - Sample batch4-31 inserted from rack position 31.
19-May-24 18:12:45 - INFO (fourier_nmr_driver.acquisition) - Locking Fourier80 has finished.
19-May-24 18:12:45 - INFO (fourier_nmr_driver.acquisition) - Number of scans for experiment MULTISUPPDC_f (expno 10) on sample batch4-31 is 8.
19-May-24 18:12:45 - INFO (fourier_nmr_driver.acquisition) - MULTISUPPDC_f: presaturation of 10 and peak picking threshold 0.008.
19-May-24 18:14:41 - INFO (fourier_nmr_driver.acquisition) - Experiment MULTISUPPDC_f completed.
19-May-24 18:14:41 - INFO (fourier_nmr_driver.acquisition) - Experiments on sample batch4-31 completed.
19-May-24 18:15:51 - INFO (fourier_nmr_driver.acquisition) - Sample batch4-32 inserted from rack position 32.
19-May-24 18:17:57 - INFO (fourier_nmr_driver.acquisition) - Locking Fourier80 has finished.
19-May-24 18:17:58 - INFO (fourier_nmr_driver.acquisition) - Number of scans for experiment MULTISUPPDC_f (expno 10) on sample batch4-32 is 8.
19-May-24 18:17:58 - INFO (fourier_nmr_driver.acquisition) - MULTISUPPDC_f: presaturation of 10 and peak picking threshold 0.008.
19-May-24 18:19:53 - INFO (fourier_nmr_driver.acquisition) - Experiment MULTISUPPDC_f completed.
19-May-24 18:19:53 - INFO (fourier_nmr_driver.acquisition) - Experiments on sample batch4-32 completed.
19-May-24 18:21:04 - INFO (fourier_nmr_driver.acquisition) - Sample batch4-33 inserted from rack position 33.
19-May-24 18:23:42 - INFO (fourier_nmr_driver.acquisition) - Locking Fourier80 has finished.
19-May-24 18:23:42 - INFO (fourier_nmr_driver.acquisition) - Number of scans for experiment MULTISUPPDC_f (expno 10) on sample batch4-33 is 8.
19-May-24 18:23:42 - INFO (fourier_nmr_driver.acquisition) - MULTISUPPDC_f: presaturation of 10 and peak picking threshold 0.008.
19-May-24 18:25:37 - INFO (fourier_nmr_driver.acquisition) - Experiment MULTISUPPDC_f completed.
19-May-24 18:25:37 - INFO (fourier_nmr_driver.acquisition) - Experiments on sample batch4-33 completed.
19-May-24 18:26:49 - INFO (fourier_nmr_driver.acquisition) - Sample batch4-34 inserted from rack position 34.
19-May-24 18:29:07 - INFO (fourier_nmr_driver.acquisition) - Locking Fourier80 has finished.
19-May-24 18:29:07 - INFO (fourier_nmr_driver.acquisition) - Number of scans for experiment MULTISUPPDC_f (expno 10) on sample batch4-34 is 8.
19-May-24 18:29:07 - INFO (fourier_nmr_driver.acquisition) - MULTISUPPDC_f: presaturation of 10 and peak picking threshold 0.008.
19-May-24 18:31:05 - INFO (fourier_nmr_driver.acquisition) - Experiment MULTISUPPDC_f completed.
19-May-24 18:31:05 - INFO (fourier_nmr_driver.acquisition) - Experiments on sample batch4-34 completed.
19-May-24 18:32:15 - INFO (fourier_nmr_driver.acquisition) - Sample batch4-35 inserted from rack position 35.
19-May-24 18:34:22 - INFO (fourier_nmr_driver.acquisition) - Locking Fourier80 has finished.
19-May-24 18:34:22 - INFO (fourier_nmr_driver.acquisition) - Number of scans for experiment MULTISUPPDC_f (expno 10) on sample batch4-35 is 8.
19-May-24 18:34:22 - INFO (fourier_nmr_driver.acquisition) - MULTISUPPDC_f: presaturation of 10 and peak picking threshold 0.008.
19-May-24 18:36:19 - INFO (fourier_nmr_driver.acquisition) - Experiment MULTISUPPDC_f completed.
19-May-24 18:36:19 - INFO (fourier_nmr_driver.acquisition) - Experiments on sample batch4-35 completed.
19-May-24 18:36:19 - INFO (fourier_nmr_driver.acquisition) - Too much time since last shim - reshimming.
19-May-24 18:37:30 - INFO (fourier_nmr_driver.acquisition) - Shim sample inserted.
19-May-24 18:39:30 - INFO (fourier_nmr_driver.acquisition) - Shimming procedure started.
19-May-24 19:00:30 - INFO (fourier_nmr_driver.acquisition) - Quick shim procedure stopped. Resuming acquisition.
19-May-24 19:01:42 - INFO (fourier_nmr_driver.acquisition) - Sample batch4-36 inserted from rack position 36.
19-May-24 19:03:49 - INFO (fourier_nmr_driver.acquisition) - Locking Fourier80 has finished.
19-May-24 19:03:49 - INFO (fourier_nmr_driver.acquisition) - Number of scans for experiment MULTISUPPDC_f (expno 10) on sample batch4-36 is 8.
19-May-24 19:03:49 - INFO (fourier_nmr_driver.acquisition) - MULTISUPPDC_f: presaturation of 10 and peak picking threshold 0.008.
19-May-24 19:05:46 - INFO (fourier_nmr_driver.acquisition) - Experiment MULTISUPPDC_f completed.
19-May-24 19:05:46 - INFO (fourier_nmr_driver.acquisition) - Experiments on sample batch4-36 completed.
19-May-24 19:06:56 - INFO (fourier_nmr_driver.acquisition) - Sample batch4-37 inserted from rack position 37.
19-May-24 19:09:01 - INFO (fourier_nmr_driver.acquisition) - Locking Fourier80 has finished.
19-May-24 19:09:01 - INFO (fourier_nmr_driver.acquisition) - Number of scans for experiment MULTISUPPDC_f (expno 10) on sample batch4-37 is 8.
19-May-24 19:09:01 - INFO (fourier_nmr_driver.acquisition) - MULTISUPPDC_f: presaturation of 10 and peak picking threshold 0.008.
19-May-24 19:10:55 - INFO (fourier_nmr_driver.acquisition) - Experiment MULTISUPPDC_f completed.
19-May-24 19:10:55 - INFO (fourier_nmr_driver.acquisition) - Experiments on sample batch4-37 completed.
19-May-24 19:12:04 - INFO (fourier_nmr_driver.acquisition) - Sample batch4-39 inserted from rack position 39.
19-May-24 19:14:07 - INFO (fourier_nmr_driver.acquisition) - Locking Fourier80 has finished.
19-May-24 19:14:07 - INFO (fourier_nmr_driver.acquisition) - Number of scans for experiment MULTISUPPDC_f (expno 10) on sample batch4-39 is 8.
19-May-24 19:14:07 - INFO (fourier_nmr_driver.acquisition) - MULTISUPPDC_f: presaturation of 10 and peak picking threshold 0.008.
19-May-24 19:16:03 - INFO (fourier_nmr_driver.acquisition) - Experiment MULTISUPPDC_f completed.
19-May-24 19:16:03 - INFO (fourier_nmr_driver.acquisition) - Experiments on sample batch4-39 completed.
19-May-24 19:17:14 - INFO (fourier_nmr_driver.acquisition) - Sample batch4-40 inserted from rack position 40.
19-May-24 19:19:16 - INFO (fourier_nmr_driver.acquisition) - Locking Fourier80 has finished.
19-May-24 19:19:16 - INFO (fourier_nmr_driver.acquisition) - Number of scans for experiment MULTISUPPDC_f (expno 10) on sample batch4-40 is 8.
19-May-24 19:19:16 - INFO (fourier_nmr_driver.acquisition) - MULTISUPPDC_f: presaturation of 10 and peak picking threshold 0.008.
19-May-24 19:21:12 - INFO (fourier_nmr_driver.acquisition) - Experiment MULTISUPPDC_f completed.
19-May-24 19:21:12 - INFO (fourier_nmr_driver.acquisition) - Experiments on sample batch4-40 completed.
19-May-24 19:22:23 - INFO (fourier_nmr_driver.acquisition) - Sample batch4-41 inserted from rack position 41.
19-May-24 19:24:55 - INFO (fourier_nmr_driver.acquisition) - Locking Fourier80 has finished.
19-May-24 19:24:55 - INFO (fourier_nmr_driver.acquisition) - Number of scans for experiment MULTISUPPDC_f (expno 10) on sample batch4-41 is 8.
19-May-24 19:24:55 - INFO (fourier_nmr_driver.acquisition) - MULTISUPPDC_f: presaturation of 10 and peak picking threshold 0.008.
19-May-24 19:26:51 - INFO (fourier_nmr_driver.acquisition) - Experiment MULTISUPPDC_f completed.
19-May-24 19:26:51 - INFO (fourier_nmr_driver.acquisition) - Experiments on sample batch4-41 completed.
19-May-24 19:28:01 - INFO (fourier_nmr_driver.acquisition) - Sample batch4-42 inserted from rack position 42.
19-May-24 19:30:08 - INFO (fourier_nmr_driver.acquisition) - Locking Fourier80 has finished.
19-May-24 19:30:08 - INFO (fourier_nmr_driver.acquisition) - Number of scans for experiment MULTISUPPDC_f (expno 10) on sample batch4-42 is 8.
19-May-24 19:30:08 - INFO (fourier_nmr_driver.acquisition) - MULTISUPPDC_f: presaturation of 10 and peak picking threshold 0.008.
19-May-24 19:32:06 - INFO (fourier_nmr_driver.acquisition) - Experiment MULTISUPPDC_f completed.
19-May-24 19:32:06 - INFO (fourier_nmr_driver.acquisition) - Experiments on sample batch4-42 completed.
19-May-24 19:33:16 - INFO (fourier_nmr_driver.acquisition) - Sample batch4-43 inserted from rack position 43.
19-May-24 19:35:22 - INFO (fourier_nmr_driver.acquisition) - Locking Fourier80 has finished.
19-May-24 19:35:22 - INFO (fourier_nmr_driver.acquisition) - Number of scans for experiment MULTISUPPDC_f (expno 10) on sample batch4-43 is 8.
19-May-24 19:35:22 - INFO (fourier_nmr_driver.acquisition) - MULTISUPPDC_f: presaturation of 10 and peak picking threshold 0.008.
19-May-24 19:37:18 - INFO (fourier_nmr_driver.acquisition) - Experiment MULTISUPPDC_f completed.
19-May-24 19:37:18 - INFO (fourier_nmr_driver.acquisition) - Experiments on sample batch4-43 completed.
19-May-24 19:38:29 - INFO (fourier_nmr_driver.acquisition) - Sample batch4-44 inserted from rack position 44.
19-May-24 19:40:31 - INFO (fourier_nmr_driver.acquisition) - Locking Fourier80 has finished.
19-May-24 19:40:31 - INFO (fourier_nmr_driver.acquisition) - Number of scans for experiment MULTISUPPDC_f (expno 10) on sample batch4-44 is 8.
19-May-24 19:40:31 - INFO (fourier_nmr_driver.acquisition) - MULTISUPPDC_f: presaturation of 10 and peak picking threshold 0.008.
19-May-24 19:42:25 - INFO (fourier_nmr_driver.acquisition) - Experiment MULTISUPPDC_f completed.
19-May-24 19:42:25 - INFO (fourier_nmr_driver.acquisition) - Experiments on sample batch4-44 completed.
19-May-24 19:43:34 - INFO (fourier_nmr_driver.acquisition) - Sample batch4-45 inserted from rack position 45.
19-May-24 19:45:37 - INFO (fourier_nmr_driver.acquisition) - Locking Fourier80 has finished.
19-May-24 19:45:37 - INFO (fourier_nmr_driver.acquisition) - Number of scans for experiment MULTISUPPDC_f (expno 10) on sample batch4-45 is 8.
19-May-24 19:45:37 - INFO (fourier_nmr_driver.acquisition) - MULTISUPPDC_f: presaturation of 10 and peak picking threshold 0.008.
19-May-24 19:47:34 - INFO (fourier_nmr_driver.acquisition) - Experiment MULTISUPPDC_f completed.
19-May-24 19:47:34 - INFO (fourier_nmr_driver.acquisition) - Experiments on sample batch4-45 completed.
19-May-24 19:48:45 - INFO (fourier_nmr_driver.acquisition) - Sample batch4-46 inserted from rack position 46.
19-May-24 19:50:53 - INFO (fourier_nmr_driver.acquisition) - Locking Fourier80 has finished.
19-May-24 19:50:53 - INFO (fourier_nmr_driver.acquisition) - Number of scans for experiment MULTISUPPDC_f (expno 10) on sample batch4-46 is 8.
19-May-24 19:50:53 - INFO (fourier_nmr_driver.acquisition) - MULTISUPPDC_f: presaturation of 10 and peak picking threshold 0.008.
19-May-24 19:52:50 - INFO (fourier_nmr_driver.acquisition) - Experiment MULTISUPPDC_f completed.
19-May-24 19:52:50 - INFO (fourier_nmr_driver.acquisition) - Experiments on sample batch4-46 completed.
19-May-24 19:54:00 - INFO (fourier_nmr_driver.acquisition) - Sample batch4-47 inserted from rack position 47.
19-May-24 19:56:03 - INFO (fourier_nmr_driver.acquisition) - Locking Fourier80 has finished.
19-May-24 19:56:03 - INFO (fourier_nmr_driver.acquisition) - Number of scans for experiment MULTISUPPDC_f (expno 10) on sample batch4-47 is 8.
19-May-24 19:56:03 - INFO (fourier_nmr_driver.acquisition) - MULTISUPPDC_f: presaturation of 10 and peak picking threshold 0.008.
19-May-24 19:57:59 - INFO (fourier_nmr_driver.acquisition) - Experiment MULTISUPPDC_f completed.
19-May-24 19:57:59 - INFO (fourier_nmr_driver.acquisition) - Experiments on sample batch4-47 completed.
19-May-24 19:59:10 - INFO (fourier_nmr_driver.acquisition) - Sample batch4-48 inserted from rack position 48.
19-May-24 20:01:12 - INFO (fourier_nmr_driver.acquisition) - Locking Fourier80 has finished.
19-May-24 20:01:12 - INFO (fourier_nmr_driver.acquisition) - Number of scans for experiment MULTISUPPDC_f (expno 10) on sample batch4-48 is 8.
19-May-24 20:01:12 - INFO (fourier_nmr_driver.acquisition) - MULTISUPPDC_f: presaturation of 10 and peak picking threshold 0.008.
19-May-24 20:03:10 - INFO (fourier_nmr_driver.acquisition) - Experiment MULTISUPPDC_f completed.
19-May-24 20:03:10 - INFO (fourier_nmr_driver.acquisition) - Experiments on sample batch4-48 completed.
19-May-24 20:03:10 - INFO (fourier_nmr_driver.acquisition) - All spectra acquired for batch 'batch4'.
19-May-24 20:04:23 - INFO (fourier_nmr_driver.__main__) - Shim sample inserted (position 1).
19-May-24 20:04:23 - INFO (fourier_nmr_driver.__main__) - Started the quickshim procedure.
